<?xml version="1.0" encoding="UTF-8"?>
<testsuite name="RestAPI"
           tests="6"
           failures="0"
           errors="0"
           skipped="0"
           time="13.099">
    <properties></properties>



            <testcase
                name="winePairing"
                time="0.227"
                classname="listeners.PostRequestForMealPlan">
            </testcase>
            <testcase
                name="getSimilarRecipe"
                time="2.894"
                classname="listeners.PostRequestForMealPlan">
            </testcase>
            <testcase
                name="checkNutrientWithinLimits"
                time="0.193"
                classname="listeners.PostRequestForMealPlan">
            </testcase>
            <testcase
                name="createMealPlanner"
                time="1.250"
                classname="listeners.PostRequestForMealPlan">
            </testcase>
            <testcase
                name="createShoppingList"
                time="2.042"
                classname="listeners.PostRequestForMealPlan">
            </testcase>
            <testcase
                name="checkAvailabilityOfIngredients"
                time="6.493"
                classname="listeners.PostRequestForMealPlan">
            </testcase>
</testsuite>
